  ActionAddBattery.cpp
  ActionAddBulb.cpp
  ActionAddFuse.cpp
  ActionAddGround.cpp
  ActionAddModule.cpp
  ActionAddRes.cpp
  ActionAddSwitch.cpp
  ActionMove.cpp
  Select.cpp
  Simulate.cpp
C:\Users\dell\Desktop\Last UI update\Actions\Simulate.cpp(47,5): error C2039: 'pUI': is not a member of 'Component'
C:\Users\dell\Desktop\Last UI update\Components\Component.h(10): message : see declaration of 'Component'
  Switch_to_Design_mood.cpp
  Switch_to_Simulation_mood.cpp
  ApplicationManager.cpp
C:\Users\dell\Desktop\Last UI update\ApplicationManager.cpp(87,18): error C2039: 'set_is_closed': is not a member of 'Component'
C:\Users\dell\Desktop\Last UI update\Components\Component.h(10): message : see declaration of 'Component'
  Battery.cpp
  Bulb.cpp
  Component.cpp
  Edit.cpp
  Fuse.cpp
C:\Users\dell\Desktop\Last UI update\Components\Fuse.cpp(19,2): error C2065: 'isClosed': undeclared identifier
C:\Users\dell\Desktop\Last UI update\Components\Fuse.cpp(24,9): error C2065: 'isClosed': undeclared identifier
  Ground.cpp
  Module.cpp
  Generating Code...
  Compiling...
  Resistor.cpp
  Switch.cpp
  main.cpp
  Generating Code...
